{"numFailedTestSuites":7,"numFailedTests":1,"numPassedTestSuites":0,"numPassedTests":1,"numPendingTestSuites":0,"numPendingTests":0,"numRuntimeErrorTestSuites":6,"numTodoTests":0,"numTotalTestSuites":7,"numTotalTests":2,"openHandles":[],"snapshot":{"added":0,"didUpdate":false,"failure":false,"filesAdded":0,"filesRemoved":0,"filesRemovedList":[],"filesUnmatched":0,"filesUpdated":0,"matched":0,"total":0,"unchecked":0,"uncheckedKeysByFile":[],"unmatched":0,"updated":0},"startTime":1614584543314,"success":false,"testResults":[{"assertionResults":[{"ancestorTitles":["search"],"failureMessages":[],"fullName":"search ","location":null,"status":"passed","title":""},{"ancestorTitles":["search"],"failureMessages":["Error: \u001b[2mexpect(\u001b[22m\u001b[31mreceived\u001b[39m\u001b[2m).\u001b[22mtoStrictEqual\u001b[2m(\u001b[22m\u001b[32mexpected\u001b[39m\u001b[2m) // deep equality\u001b[22m\n\n\u001b[32m- Expected  - 3\u001b[39m\n\u001b[31m+ Received  + 9\u001b[39m\n\n\u001b[33m@@ -3,24 +3,30 @@\u001b[39m\n\u001b[2m      \"frame\": 5,\u001b[22m\n\u001b[2m      \"notification\": Notification {\u001b[22m\n\u001b[2m        \"error\": undefined,\u001b[22m\n\u001b[2m        \"hasValue\": true,\u001b[22m\n\u001b[2m        \"kind\": \"N\",\u001b[22m\n\u001b[32m-       \"value\": \"x\",\u001b[39m\n\u001b[31m+       \"value\": Array [\u001b[39m\n\u001b[31m+         1,\u001b[39m\n\u001b[31m+         3,\u001b[39m\n\u001b[31m+       ],\u001b[39m\n\u001b[2m      },\u001b[22m\n\u001b[2m    },\u001b[22m\n\u001b[2m    Object {\u001b[22m\n\u001b[2m      \"frame\": 9,\u001b[22m\n\u001b[2m      \"notification\": Notification {\u001b[22m\n\u001b[2m        \"error\": undefined,\u001b[22m\n\u001b[2m        \"hasValue\": true,\u001b[22m\n\u001b[2m        \"kind\": \"N\",\u001b[22m\n\u001b[32m-       \"value\": \"y\",\u001b[39m\n\u001b[31m+       \"value\": Array [\u001b[39m\n\u001b[31m+         2,\u001b[39m\n\u001b[31m+         4,\u001b[39m\n\u001b[31m+       ],\u001b[39m\n\u001b[2m      },\u001b[22m\n\u001b[2m    },\u001b[22m\n\u001b[2m    Object {\u001b[22m\n\u001b[32m-     \"frame\": 13,\u001b[39m\n\u001b[31m+     \"frame\": 11,\u001b[39m\n\u001b[2m      \"notification\": Notification {\u001b[22m\n\u001b[2m        \"error\": undefined,\u001b[22m\n\u001b[2m        \"hasValue\": false,\u001b[22m\n\u001b[2m        \"kind\": \"C\",\u001b[22m\n\u001b[2m        \"value\": undefined,\u001b[22m\n    at assertDeepEqual (/Users/davyengone/Documents/magicBox/learning.hackjam.io/timer-html/node_modules/rxjs-marbles/jest/index.js:41:153)\n    at Object.observableMatcher (/Users/davyengone/Documents/magicBox/learning.hackjam.io/timer-html/node_modules/rxjs-marbles/matcher.js:38:13)\n    at TestScheduler.assertDeepEqual (/Users/davyengone/Documents/magicBox/learning.hackjam.io/timer-html/node_modules/rxjs-marbles/marbles.js:47:38)\n    at /Users/davyengone/Documents/magicBox/learning.hackjam.io/timer-html/node_modules/rxjs/src/internal/testing/TestScheduler.ts:159:14\n    at Array.filter (<anonymous>)\n    at TestScheduler.Object.<anonymous>.TestScheduler.flush (/Users/davyengone/Documents/magicBox/learning.hackjam.io/timer-html/node_modules/rxjs/src/internal/testing/TestScheduler.ts:157:39)\n    at TestScheduler.Object.<anonymous>.TestScheduler.run (/Users/davyengone/Documents/magicBox/learning.hackjam.io/timer-html/node_modules/rxjs/src/internal/testing/TestScheduler.ts:392:12)\n    at Object.wrapper (/Users/davyengone/Documents/magicBox/learning.hackjam.io/timer-html/node_modules/rxjs-marbles/marbles.js:49:36)\n    at Object.asyncJestTest (/Users/davyengone/Documents/magicBox/learning.hackjam.io/timer-html/node_modules/jest-jasmine2/build/jasmineAsyncInstall.js:106:37)\n    at /Users/davyengone/Documents/magicBox/learning.hackjam.io/timer-html/node_modules/jest-jasmine2/build/queueRunner.js:45:12\n    at new Promise (<anonymous>)\n    at mapper (/Users/davyengone/Documents/magicBox/learning.hackjam.io/timer-html/node_modules/jest-jasmine2/build/queueRunner.js:28:19)\n    at /Users/davyengone/Documents/magicBox/learning.hackjam.io/timer-html/node_modules/jest-jasmine2/build/queueRunner.js:75:41"],"fullName":"search ","location":null,"status":"failed","title":""}],"endTime":1614584544918,"message":"\u001b[1m\u001b[31m  \u001b[1m● \u001b[22m\u001b[1msearch › \u001b[39m\u001b[22m\n\n    \u001b[2mexpect(\u001b[22m\u001b[31mreceived\u001b[39m\u001b[2m).\u001b[22mtoStrictEqual\u001b[2m(\u001b[22m\u001b[32mexpected\u001b[39m\u001b[2m) // deep equality\u001b[22m\n\n    \u001b[32m- Expected  - 3\u001b[39m\n    \u001b[31m+ Received  + 9\u001b[39m\n\n    \u001b[33m@@ -3,24 +3,30 @@\u001b[39m\n    \u001b[2m      \"frame\": 5,\u001b[22m\n    \u001b[2m      \"notification\": Notification {\u001b[22m\n    \u001b[2m        \"error\": undefined,\u001b[22m\n    \u001b[2m        \"hasValue\": true,\u001b[22m\n    \u001b[2m        \"kind\": \"N\",\u001b[22m\n    \u001b[32m-       \"value\": \"x\",\u001b[39m\n    \u001b[31m+       \"value\": Array [\u001b[39m\n    \u001b[31m+         1,\u001b[39m\n    \u001b[31m+         3,\u001b[39m\n    \u001b[31m+       ],\u001b[39m\n    \u001b[2m      },\u001b[22m\n    \u001b[2m    },\u001b[22m\n    \u001b[2m    Object {\u001b[22m\n    \u001b[2m      \"frame\": 9,\u001b[22m\n    \u001b[2m      \"notification\": Notification {\u001b[22m\n    \u001b[2m        \"error\": undefined,\u001b[22m\n    \u001b[2m        \"hasValue\": true,\u001b[22m\n    \u001b[2m        \"kind\": \"N\",\u001b[22m\n    \u001b[32m-       \"value\": \"y\",\u001b[39m\n    \u001b[31m+       \"value\": Array [\u001b[39m\n    \u001b[31m+         2,\u001b[39m\n    \u001b[31m+         4,\u001b[39m\n    \u001b[31m+       ],\u001b[39m\n    \u001b[2m      },\u001b[22m\n    \u001b[2m    },\u001b[22m\n    \u001b[2m    Object {\u001b[22m\n    \u001b[32m-     \"frame\": 13,\u001b[39m\n    \u001b[31m+     \"frame\": 11,\u001b[39m\n    \u001b[2m      \"notification\": Notification {\u001b[22m\n    \u001b[2m        \"error\": undefined,\u001b[22m\n    \u001b[2m        \"hasValue\": false,\u001b[22m\n    \u001b[2m        \"kind\": \"C\",\u001b[22m\n    \u001b[2m        \"value\": undefined,\u001b[22m\n\u001b[2m\u001b[22m\n\u001b[2m      \u001b[2mat assertDeepEqual (\u001b[22m\u001b[2mnode_modules/rxjs-marbles/jest/index.js\u001b[2m:41:153)\u001b[22m\u001b[2m\u001b[22m\n\u001b[2m      \u001b[2mat Object.observableMatcher (\u001b[22m\u001b[2mnode_modules/rxjs-marbles/matcher.js\u001b[2m:38:13)\u001b[22m\u001b[2m\u001b[22m\n\u001b[2m      \u001b[2mat TestScheduler.assertDeepEqual (\u001b[22m\u001b[2mnode_modules/rxjs-marbles/marbles.js\u001b[2m:47:38)\u001b[22m\u001b[2m\u001b[22m\n\u001b[2m      \u001b[2mat \u001b[22m\u001b[2mnode_modules/rxjs/src/internal/testing/TestScheduler.ts\u001b[2m:159:14\u001b[22m\u001b[2m\u001b[22m\n\u001b[2m          at Array.filter (<anonymous>)\u001b[22m\n\u001b[2m      \u001b[2mat TestScheduler.Object.<anonymous>.TestScheduler.flush (\u001b[22m\u001b[2mnode_modules/rxjs/src/internal/testing/TestScheduler.ts\u001b[2m:157:39)\u001b[22m\u001b[2m\u001b[22m\n\u001b[2m      \u001b[2mat TestScheduler.Object.<anonymous>.TestScheduler.run (\u001b[22m\u001b[2mnode_modules/rxjs/src/internal/testing/TestScheduler.ts\u001b[2m:392:12)\u001b[22m\u001b[2m\u001b[22m\n\u001b[2m      \u001b[2mat Object.wrapper (\u001b[22m\u001b[2mnode_modules/rxjs-marbles/marbles.js\u001b[2m:49:36)\u001b[22m\u001b[2m\u001b[22m\n","name":"/Users/davyengone/Documents/magicBox/learning.hackjam.io/timer-html/test/search.spec.ts","startTime":1614584544054,"status":"failed","summary":""},{"assertionResults":[],"coverage":{},"endTime":1614584547649,"message":"  \u001b[1m● \u001b[22mTest suite failed to run\n\n    Your test suite must contain at least one test.\n\n      \u001b[2mat onResult (\u001b[22mnode_modules/@jest/core/build/TestScheduler.js\u001b[2m:175:18)\u001b[22m\n      \u001b[2mat \u001b[22mnode_modules/@jest/core/build/TestScheduler.js\u001b[2m:304:17\u001b[22m\n      \u001b[2mat \u001b[22mnode_modules/emittery/index.js\u001b[2m:260:13\u001b[22m\n          at Array.map (<anonymous>)\n      \u001b[2mat Emittery.Typed.emit (\u001b[22mnode_modules/emittery/index.js\u001b[2m:258:23)\u001b[22m\n","name":"/Users/davyengone/Documents/magicBox/learning.hackjam.io/timer-html/test/learn.spec.ts","startTime":1614584547649,"status":"failed","summary":""},{"assertionResults":[],"coverage":{},"endTime":1614584547649,"message":"  \u001b[1m● \u001b[22mTest suite failed to run\n\n    \u001b[96msrc/rxjs/interval.spec.ts\u001b[0m:\u001b[93m8\u001b[0m:\u001b[93m11\u001b[0m - \u001b[91merror\u001b[0m\u001b[90m TS7034: \u001b[0mVariable 'result' implicitly has type 'any[]' in some locations where its type cannot be determined.\n\n    \u001b[7m8\u001b[0m       let result = [];\n    \u001b[7m \u001b[0m \u001b[91m          ~~~~~~\u001b[0m\n    \u001b[96msrc/rxjs/interval.spec.ts\u001b[0m:\u001b[93m13\u001b[0m:\u001b[93m24\u001b[0m - \u001b[91merror\u001b[0m\u001b[90m TS7005: \u001b[0mVariable 'result' implicitly has an 'any[]' type.\n\n    \u001b[7m13\u001b[0m           result = [...result, val];\n    \u001b[7m  \u001b[0m \u001b[91m                       ~~~~~~\u001b[0m\n    \u001b[96msrc/rxjs/interval.spec.ts\u001b[0m:\u001b[93m21\u001b[0m:\u001b[93m32\u001b[0m - \u001b[91merror\u001b[0m\u001b[90m TS7005: \u001b[0mVariable 'result' implicitly has an 'any[]' type.\n\n    \u001b[7m21\u001b[0m         expect(actual).toEqual(result);\n    \u001b[7m  \u001b[0m \u001b[91m                               ~~~~~~\u001b[0m\n    \u001b[96msrc/rxjs/interval.spec.ts\u001b[0m:\u001b[93m28\u001b[0m:\u001b[93m11\u001b[0m - \u001b[91merror\u001b[0m\u001b[90m TS7034: \u001b[0mVariable 'result' implicitly has type 'any[]' in some locations where its type cannot be determined.\n\n    \u001b[7m28\u001b[0m       let result = [];\n    \u001b[7m  \u001b[0m \u001b[91m          ~~~~~~\u001b[0m\n    \u001b[96msrc/rxjs/interval.spec.ts\u001b[0m:\u001b[93m33\u001b[0m:\u001b[93m24\u001b[0m - \u001b[91merror\u001b[0m\u001b[90m TS7005: \u001b[0mVariable 'result' implicitly has an 'any[]' type.\n\n    \u001b[7m33\u001b[0m           result = [...result, val];\n    \u001b[7m  \u001b[0m \u001b[91m                       ~~~~~~\u001b[0m\n    \u001b[96msrc/rxjs/interval.spec.ts\u001b[0m:\u001b[93m46\u001b[0m:\u001b[93m32\u001b[0m - \u001b[91merror\u001b[0m\u001b[90m TS7005: \u001b[0mVariable 'result' implicitly has an 'any[]' type.\n\n    \u001b[7m46\u001b[0m         expect(actual).toEqual(result);\n    \u001b[7m  \u001b[0m \u001b[91m                               ~~~~~~\u001b[0m\n","name":"/Users/davyengone/Documents/magicBox/learning.hackjam.io/timer-html/src/rxjs/interval.spec.ts","startTime":1614584547649,"status":"failed","summary":""},{"assertionResults":[],"coverage":{},"endTime":1614584547649,"message":"  \u001b[1m● \u001b[22mTest suite failed to run\n\n    \u001b[96msrc/rxjs/fromPromise.ts\u001b[0m:\u001b[93m5\u001b[0m:\u001b[93m54\u001b[0m - \u001b[91merror\u001b[0m\u001b[90m TS2315: \u001b[0mType 'Observable' is not generic.\n\n    \u001b[7m5\u001b[0m export function fromPromise<T>(promise: Promise<T>): Observable<T> {\n    \u001b[7m \u001b[0m \u001b[91m                                                     ~~~~~~~~~~~~~\u001b[0m\n","name":"/Users/davyengone/Documents/magicBox/learning.hackjam.io/timer-html/src/rxjs/fromPromise.spec.ts","startTime":1614584547649,"status":"failed","summary":""},{"assertionResults":[],"coverage":{},"endTime":1614584547649,"message":"  \u001b[1m● \u001b[22mTest suite failed to run\n\n    \u001b[96msrc/rxjs/of.spec.ts\u001b[0m:\u001b[93m9\u001b[0m:\u001b[93m9\u001b[0m - \u001b[91merror\u001b[0m\u001b[90m TS7034: \u001b[0mVariable 'result' implicitly has type 'any[]' in some locations where its type cannot be determined.\n\n    \u001b[7m9\u001b[0m     let result = [];\n    \u001b[7m \u001b[0m \u001b[91m        ~~~~~~\u001b[0m\n    \u001b[96msrc/rxjs/of.spec.ts\u001b[0m:\u001b[93m12\u001b[0m:\u001b[93m22\u001b[0m - \u001b[91merror\u001b[0m\u001b[90m TS7005: \u001b[0mVariable 'result' implicitly has an 'any[]' type.\n\n    \u001b[7m12\u001b[0m         result = [...result, val];\n    \u001b[7m  \u001b[0m \u001b[91m                     ~~~~~~\u001b[0m\n    \u001b[96msrc/rxjs/of.spec.ts\u001b[0m:\u001b[93m18\u001b[0m:\u001b[93m32\u001b[0m - \u001b[91merror\u001b[0m\u001b[90m TS7005: \u001b[0mVariable 'result' implicitly has an 'any[]' type.\n\n    \u001b[7m18\u001b[0m         expect(actual).toEqual(result);\n    \u001b[7m  \u001b[0m \u001b[91m                               ~~~~~~\u001b[0m\n    \u001b[96msrc/rxjs/of.spec.ts\u001b[0m:\u001b[93m36\u001b[0m:\u001b[93m9\u001b[0m - \u001b[91merror\u001b[0m\u001b[90m TS7034: \u001b[0mVariable 'result' implicitly has type 'any[]' in some locations where its type cannot be determined.\n\n    \u001b[7m36\u001b[0m     let result = [];\n    \u001b[7m  \u001b[0m \u001b[91m        ~~~~~~\u001b[0m\n    \u001b[96msrc/rxjs/of.spec.ts\u001b[0m:\u001b[93m39\u001b[0m:\u001b[93m22\u001b[0m - \u001b[91merror\u001b[0m\u001b[90m TS7005: \u001b[0mVariable 'result' implicitly has an 'any[]' type.\n\n    \u001b[7m39\u001b[0m         result = [...result, val];\n    \u001b[7m  \u001b[0m \u001b[91m                     ~~~~~~\u001b[0m\n    \u001b[96msrc/rxjs/of.spec.ts\u001b[0m:\u001b[93m46\u001b[0m:\u001b[93m35\u001b[0m - \u001b[91merror\u001b[0m\u001b[90m TS7005: \u001b[0mVariable 'result' implicitly has an 'any[]' type.\n\n    \u001b[7m46\u001b[0m         expect(actual[0]).toEqual(result[0]);\n    \u001b[7m  \u001b[0m \u001b[91m                                  ~~~~~~\u001b[0m\n    \u001b[96msrc/rxjs/of.spec.ts\u001b[0m:\u001b[93m47\u001b[0m:\u001b[93m35\u001b[0m - \u001b[91merror\u001b[0m\u001b[90m TS7005: \u001b[0mVariable 'result' implicitly has an 'any[]' type.\n\n    \u001b[7m47\u001b[0m         expect(actual[1]).toEqual(result[1]);\n    \u001b[7m  \u001b[0m \u001b[91m                                  ~~~~~~\u001b[0m\n    \u001b[96msrc/rxjs/of.spec.ts\u001b[0m:\u001b[93m48\u001b[0m:\u001b[93m37\u001b[0m - \u001b[91merror\u001b[0m\u001b[90m TS7005: \u001b[0mVariable 'result' implicitly has an 'any[]' type.\n\n    \u001b[7m48\u001b[0m         expect(actual[2]()).toEqual(result[2]());\n    \u001b[7m  \u001b[0m \u001b[91m                                    ~~~~~~\u001b[0m\n","name":"/Users/davyengone/Documents/magicBox/learning.hackjam.io/timer-html/src/rxjs/of.spec.ts","startTime":1614584547649,"status":"failed","summary":""},{"assertionResults":[],"coverage":{},"endTime":1614584547649,"message":"  \u001b[1m● \u001b[22mTest suite failed to run\n\n    \u001b[96msrc/rxjs/from.spec.ts\u001b[0m:\u001b[93m72\u001b[0m:\u001b[93m15\u001b[0m - \u001b[91merror\u001b[0m\u001b[90m TS7006: \u001b[0mParameter 'err' implicitly has an 'any' type.\n\n    \u001b[7m72\u001b[0m       error: (err) => {\n    \u001b[7m  \u001b[0m \u001b[91m              ~~~\u001b[0m\n    \u001b[96msrc/rxjs/from.spec.ts\u001b[0m:\u001b[93m92\u001b[0m:\u001b[93m14\u001b[0m - \u001b[91merror\u001b[0m\u001b[90m TS7006: \u001b[0mParameter 'val' implicitly has an 'any' type.\n\n    \u001b[7m92\u001b[0m       next: (val) => {\n    \u001b[7m  \u001b[0m \u001b[91m             ~~~\u001b[0m\n","name":"/Users/davyengone/Documents/magicBox/learning.hackjam.io/timer-html/src/rxjs/from.spec.ts","startTime":1614584547649,"status":"failed","summary":""},{"assertionResults":[],"coverage":{},"endTime":1614584547649,"message":"  \u001b[1m● \u001b[22mTest suite failed to run\n\n    \u001b[96msrc/rxjs/bonus/map.spec.ts\u001b[0m:\u001b[93m6\u001b[0m:\u001b[93m8\u001b[0m - \u001b[91merror\u001b[0m\u001b[90m TS7006: \u001b[0mParameter 'val' implicitly has an 'any' type.\n\n    \u001b[7m6\u001b[0m       (val) => val + 10\n    \u001b[7m \u001b[0m \u001b[91m       ~~~\u001b[0m\n    \u001b[96msrc/rxjs/bonus/map.spec.ts\u001b[0m:\u001b[93m11\u001b[0m:\u001b[93m14\u001b[0m - \u001b[91merror\u001b[0m\u001b[90m TS7006: \u001b[0mParameter 'val' implicitly has an 'any' type.\n\n    \u001b[7m11\u001b[0m       next: (val) => (result = [...result, val]),\n    \u001b[7m  \u001b[0m \u001b[91m             ~~~\u001b[0m\n    \u001b[96msrc/rxjs/bonus/map.spec.ts\u001b[0m:\u001b[93m32\u001b[0m:\u001b[93m8\u001b[0m - \u001b[91merror\u001b[0m\u001b[90m TS7006: \u001b[0mParameter 'person' implicitly has an 'any' type.\n\n    \u001b[7m32\u001b[0m       (person) => person.name\n    \u001b[7m  \u001b[0m \u001b[91m       ~~~~~~\u001b[0m\n","name":"/Users/davyengone/Documents/magicBox/learning.hackjam.io/timer-html/src/rxjs/bonus/map.spec.ts","startTime":1614584547649,"status":"failed","summary":""}],"wasInterrupted":false}